<?xml version="1.0" encoding="utf-8" standalone="no"?>
<test-run id="2" testcasecount="0" result="Failed" total="0" passed="0" failed="0" inconclusive="0" skipped="0" asserts="0" start-time="2015-06-01 12:52:36Z" end-time="2015-06-01 12:52:36Z" duration="0.006764">
  <environment nunit-version="3.0.5630.25643" clr-version="4.0.30319.0" os-version="Microsoft Windows NT 6.3.9600.0" platform="Win32NT" cwd="C:\Projects\GitHub\HelloWorld\HelloWorld\bin\Debug" machine-name="UNIT-728" user="Nikolay.Pianikov" user-domain="LABS" culture="ru-RU" uiculture="en-GB" os-architecture="x64" />
  <test-suite type="Assembly" id="0-1" name="HelloWorld.dll" fullname="C:\Projects\GitHub\HelloWorld\HelloWorld\bin\Debug\HelloWorld.dll" testcasecount="0" runstate="NotRunnable" result="Failed" label="Invalid">
    <properties>
      <property name="_SKIPREASON" value="Unable to locate a driver for C:\Projects\GitHub\HelloWorld\HelloWorld\bin\Debug\HelloWorld.dll" />
    </properties>
    <reason>
      <message>Unable to locate a driver for C:\Projects\GitHub\HelloWorld\HelloWorld\bin\Debug\HelloWorld.dll</message>
    </reason>
  </test-suite>
</test-run>